19:12:09.341 [main] INFO  testCases.TC_001_AccountRegisterationTest - ***   started TC_001_AccountRegisterationTest  *** 
19:14:25.052 [main] INFO  testCases.TC_001_AccountRegisterationTest - ***   started TC_001_AccountRegisterationTest  *** 
19:14:25.833 [main] INFO  testCases.TC_001_AccountRegisterationTest - clicked on MyAccount
19:14:26.987 [main] INFO  testCases.TC_001_AccountRegisterationTest - clicked on Register
19:14:31.634 [main] INFO  testCases.TC_001_AccountRegisterationTest - clicked on continue
19:14:31.775 [main] INFO  testCases.TC_001_AccountRegisterationTest - ***    fineshed TC_001_AccountRegisterationTest  *** 
19:24:24.205 [main] INFO  testCases.TC_001_AccountRegisterationTest - ***   started TC_001_AccountRegisterationTest  *** 
19:24:25.080 [main] INFO  testCases.TC_001_AccountRegisterationTest - clicked on MyAccount
19:24:25.930 [main] INFO  testCases.TC_001_AccountRegisterationTest - clicked on Register
19:24:30.610 [main] INFO  testCases.TC_001_AccountRegisterationTest - clicked on continue
19:24:30.746 [main] INFO  testCases.TC_001_AccountRegisterationTest - ***    fineshed TC_001_AccountRegisterationTest  *** 
19:25:51.945 [main] INFO  testCases.TC_001_AccountRegisterationTest - ***   started TC_001_AccountRegisterationTest  *** 
19:25:52.096 [main] INFO  testCases.TC_001_AccountRegisterationTest - clicked on MyAccount
19:25:52.686 [main] INFO  testCases.TC_001_AccountRegisterationTest - clicked on Register
19:25:56.705 [main] INFO  testCases.TC_001_AccountRegisterationTest - clicked on continue
19:25:56.787 [main] INFO  testCases.TC_001_AccountRegisterationTest - ***    fineshed TC_001_AccountRegisterationTest  *** 
19:26:45.021 [main] INFO  testCases.TC_001_AccountRegisterationTest - ***   started TC_001_AccountRegisterationTest  *** 
19:26:45.190 [main] INFO  testCases.TC_001_AccountRegisterationTest - clicked on MyAccount
19:26:45.746 [main] INFO  testCases.TC_001_AccountRegisterationTest - clicked on Register
19:26:49.557 [main] INFO  testCases.TC_001_AccountRegisterationTest - clicked on continue
19:26:49.670 [main] INFO  testCases.TC_001_AccountRegisterationTest - ***    fineshed TC_001_AccountRegisterationTest  *** 
19:54:42.180 [main] INFO  testCases.TC_001_AccountRegisterationTest - ***   started TC_001_AccountRegisterationTest  *** 
19:54:42.317 [main] INFO  testCases.TC_001_AccountRegisterationTest - clicked on MyAccount
19:54:42.896 [main] INFO  testCases.TC_001_AccountRegisterationTest - clicked on Register
19:54:47.705 [main] INFO  testCases.TC_001_AccountRegisterationTest - clicked on continue
19:54:47.817 [main] INFO  testCases.TC_001_AccountRegisterationTest - ***    fineshed TC_001_AccountRegisterationTest  *** 
19:55:09.570 [main] INFO  testCases.TC_001_AccountRegisterationTest - ***   started TC_001_AccountRegisterationTest  *** 
19:55:09.726 [main] INFO  testCases.TC_001_AccountRegisterationTest - clicked on MyAccount
19:55:10.285 [main] INFO  testCases.TC_001_AccountRegisterationTest - clicked on Register
19:55:14.260 [main] INFO  testCases.TC_001_AccountRegisterationTest - clicked on continue
19:55:14.381 [main] INFO  testCases.TC_001_AccountRegisterationTest - ***    fineshed TC_001_AccountRegisterationTest  *** 
20:00:14.019 [TestNG-tests-1] INFO  testCases.TC_001_AccountRegisterationTest - ***   started TC_001_AccountRegisterationTest  *** 
20:00:14.185 [TestNG-tests-1] INFO  testCases.TC_001_AccountRegisterationTest - clicked on MyAccount
20:00:14.945 [TestNG-tests-2] INFO  testCases.TC_001_AccountRegisterationTest - ***   started TC_001_AccountRegisterationTest  *** 
20:00:15.078 [TestNG-tests-1] INFO  testCases.TC_001_AccountRegisterationTest - clicked on Register
20:00:15.110 [TestNG-tests-2] INFO  testCases.TC_001_AccountRegisterationTest - clicked on MyAccount
20:00:15.774 [TestNG-tests-2] INFO  testCases.TC_001_AccountRegisterationTest - clicked on Register
20:00:19.416 [TestNG-tests-1] INFO  testCases.TC_001_AccountRegisterationTest - clicked on continue
20:00:19.512 [TestNG-tests-1] INFO  testCases.TC_001_AccountRegisterationTest - ***    fineshed TC_001_AccountRegisterationTest  *** 
20:00:19.592 [TestNG-tests-2] INFO  testCases.TC_001_AccountRegisterationTest - clicked on continue
20:00:19.680 [TestNG-tests-2] INFO  testCases.TC_001_AccountRegisterationTest - ***    fineshed TC_001_AccountRegisterationTest  *** 
20:00:56.449 [TestNG-tests-1] INFO  testCases.TC_001_AccountRegisterationTest - ***   started TC_001_AccountRegisterationTest  *** 
20:00:56.729 [TestNG-tests-1] INFO  testCases.TC_001_AccountRegisterationTest - clicked on MyAccount
20:00:57.265 [TestNG-tests-2] INFO  testCases.TC_001_AccountRegisterationTest - ***   started TC_001_AccountRegisterationTest  *** 
20:00:57.400 [TestNG-tests-2] INFO  testCases.TC_001_AccountRegisterationTest - clicked on MyAccount
20:00:57.727 [TestNG-tests-1] INFO  testCases.TC_001_AccountRegisterationTest - clicked on Register
20:00:58.607 [TestNG-tests-2] INFO  testCases.TC_001_AccountRegisterationTest - clicked on Register
20:01:02.167 [TestNG-tests-3] INFO  testCases.TC_001_AccountRegisterationTest - ***   started TC_001_AccountRegisterationTest  *** 
20:01:02.505 [TestNG-tests-3] INFO  testCases.TC_001_AccountRegisterationTest - clicked on MyAccount
20:01:02.950 [TestNG-tests-1] INFO  testCases.TC_001_AccountRegisterationTest - clicked on continue
20:01:03.063 [TestNG-tests-2] INFO  testCases.TC_001_AccountRegisterationTest - clicked on continue
20:01:03.078 [TestNG-tests-1] INFO  testCases.TC_001_AccountRegisterationTest - ***    fineshed TC_001_AccountRegisterationTest  *** 
20:01:03.185 [TestNG-tests-2] INFO  testCases.TC_001_AccountRegisterationTest - ***    fineshed TC_001_AccountRegisterationTest  *** 
20:01:03.463 [TestNG-tests-3] INFO  testCases.TC_001_AccountRegisterationTest - clicked on Register
20:01:07.402 [TestNG-tests-3] INFO  testCases.TC_001_AccountRegisterationTest - clicked on continue
20:01:07.442 [TestNG-tests-3] INFO  testCases.TC_001_AccountRegisterationTest - ***    fineshed TC_001_AccountRegisterationTest  *** 
11:10:20.830 [main] INFO  testCases.TC_001_AccountRegisterationTest - ***   started TC_001_AccountRegisterationTest  *** 
11:10:21.215 [main] INFO  testCases.TC_001_AccountRegisterationTest - clicked on MyAccount
11:10:22.785 [main] INFO  testCases.TC_001_AccountRegisterationTest - clicked on Register
11:10:28.876 [main] INFO  testCases.TC_001_AccountRegisterationTest - clicked on continue
11:10:29.000 [main] INFO  testCases.TC_001_AccountRegisterationTest - ***    fineshed TC_001_AccountRegisterationTest  *** 
11:11:39.993 [main] INFO  testCases.TC_001_AccountRegisterationTest - ***   started TC_001_AccountRegisterationTest  *** 
11:11:40.170 [main] INFO  testCases.TC_001_AccountRegisterationTest - clicked on MyAccount
11:11:40.723 [main] INFO  testCases.TC_001_AccountRegisterationTest - clicked on Register
11:11:41.866 [main] INFO  testCases.TC_001_AccountRegisterationTest - clicked on continue
11:15:44.020 [main] INFO  testCases.TC_001_AccountRegisterationTest - ***   started TC_001_AccountRegisterationTest  *** 
11:15:44.183 [main] INFO  testCases.TC_001_AccountRegisterationTest - clicked on MyAccount
11:15:44.820 [main] INFO  testCases.TC_001_AccountRegisterationTest - clicked on Register
11:15:45.917 [main] INFO  testCases.TC_001_AccountRegisterationTest - clicked on continue
11:17:30.272 [main] INFO  testCases.TC_001_AccountRegisterationTest - ***   started TC_001_AccountRegisterationTest  *** 
11:17:30.436 [main] INFO  testCases.TC_001_AccountRegisterationTest - clicked on MyAccount
11:17:31.033 [main] INFO  testCases.TC_001_AccountRegisterationTest - clicked on Register
11:17:32.168 [main] INFO  testCases.TC_001_AccountRegisterationTest - clicked on continue
12:03:21.379 [main] INFO  testCases.TC_002_AccountLoginTest - ***   started TC_002_AccountLoginTest  *** 
12:34:25.301 [main] INFO  testCases.TC_002_AccountLoginTest - ***   started TC_002_AccountLoginTest  *** 
12:39:01.983 [main] INFO  testCases.TC_002_AccountLoginTest - ***   started TC_002_AccountLoginTest  *** 
12:39:02.158 [main] INFO  testCases.TC_002_AccountLoginTest - clicked on MyAccount
12:39:02.655 [main] INFO  testCases.TC_002_AccountLoginTest - clicked on login
12:39:02.835 [main] INFO  testCases.TC_002_AccountLoginTest - entered email address
12:39:02.958 [main] INFO  testCases.TC_002_AccountLoginTest - Entered password
12:39:03.475 [main] INFO  testCases.TC_002_AccountLoginTest - Logged in MyAcount
12:39:03.475 [main] INFO  testCases.TC_002_AccountLoginTest - ****  fineshed TC_002_AccountLoginTest  **** 
12:44:16.010 [main] INFO  testCases.TC_002_AccountLoginTest - ***   started TC_002_AccountLoginTest  *** 
12:44:16.146 [main] INFO  testCases.TC_002_AccountLoginTest - clicked on MyAccount
12:44:16.458 [main] INFO  testCases.TC_002_AccountLoginTest - clicked on login
12:44:16.554 [main] INFO  testCases.TC_002_AccountLoginTest - entered email address
12:44:16.639 [main] INFO  testCases.TC_002_AccountLoginTest - Entered password
12:47:05.022 [main] INFO  testCases.TC_002_AccountLoginTest - ***   started TC_002_AccountLoginTest  *** 
12:47:05.180 [main] INFO  testCases.TC_002_AccountLoginTest - clicked on MyAccount
12:47:05.538 [main] INFO  testCases.TC_002_AccountLoginTest - clicked on login
12:47:05.649 [main] INFO  testCases.TC_002_AccountLoginTest - entered email address
12:47:05.746 [main] INFO  testCases.TC_002_AccountLoginTest - Entered password
12:48:35.294 [main] INFO  testCases.TC_002_AccountLoginTest - ***   started TC_002_AccountLoginTest  *** 
12:48:35.451 [main] INFO  testCases.TC_002_AccountLoginTest - clicked on MyAccount
12:48:35.844 [main] INFO  testCases.TC_002_AccountLoginTest - clicked on login
12:48:35.963 [main] INFO  testCases.TC_002_AccountLoginTest - entered email address
12:48:36.062 [main] INFO  testCases.TC_002_AccountLoginTest - Entered password
12:48:36.400 [main] INFO  testCases.TC_002_AccountLoginTest - Logged in MyAcount
12:48:36.400 [main] INFO  testCases.TC_002_AccountLoginTest - ****  fineshed TC_002_AccountLoginTest  **** 
12:50:02.553 [main] INFO  testCases.TC_002_AccountLoginTest - ***   started TC_002_AccountLoginTest  *** 
12:50:02.703 [main] INFO  testCases.TC_002_AccountLoginTest - clicked on MyAccount
12:50:03.031 [main] INFO  testCases.TC_002_AccountLoginTest - clicked on login
12:50:03.135 [main] INFO  testCases.TC_002_AccountLoginTest - entered email address
12:50:03.220 [main] INFO  testCases.TC_002_AccountLoginTest - Entered password
12:51:51.633 [main] INFO  testCases.TC_002_AccountLoginTest - ***   started TC_002_AccountLoginTest  *** 
12:51:51.778 [main] INFO  testCases.TC_002_AccountLoginTest - clicked on MyAccount
12:51:52.131 [main] INFO  testCases.TC_002_AccountLoginTest - clicked on login
12:51:52.231 [main] INFO  testCases.TC_002_AccountLoginTest - entered email address
12:51:52.322 [main] INFO  testCases.TC_002_AccountLoginTest - Entered password
12:51:52.691 [main] INFO  testCases.TC_002_AccountLoginTest - Logged in MyAcount
12:51:52.691 [main] INFO  testCases.TC_002_AccountLoginTest - ****  fineshed TC_002_AccountLoginTest  **** 
20:11:33.242 [main] INFO  testCases.TC_003_LoginDDT - ****   started TC_003_LoginDDT   ****
20:11:33.322 [main] INFO  testCases.TC_003_LoginDDT - clicked on MyAccount
20:11:33.640 [main] INFO  testCases.TC_003_LoginDDT - clicked on login
20:11:33.731 [main] INFO  testCases.TC_003_LoginDDT - entered email address
20:11:33.806 [main] INFO  testCases.TC_003_LoginDDT - Entered password
20:11:34.064 [main] INFO  testCases.TC_003_LoginDDT - ****   started TC_003_LoginDDT   ****
20:11:34.112 [main] INFO  testCases.TC_003_LoginDDT - clicked on MyAccount
20:11:34.342 [main] INFO  testCases.TC_003_LoginDDT - clicked on login
20:11:34.418 [main] INFO  testCases.TC_003_LoginDDT - entered email address
20:11:34.479 [main] INFO  testCases.TC_003_LoginDDT - Entered password
20:11:34.718 [main] INFO  testCases.TC_003_LoginDDT - ****   started TC_003_LoginDDT   ****
20:11:34.761 [main] INFO  testCases.TC_003_LoginDDT - clicked on MyAccount
20:11:34.982 [main] INFO  testCases.TC_003_LoginDDT - clicked on login
20:11:35.054 [main] INFO  testCases.TC_003_LoginDDT - entered email address
20:11:35.115 [main] INFO  testCases.TC_003_LoginDDT - Entered password
20:11:35.347 [main] INFO  testCases.TC_003_LoginDDT - ****   started TC_003_LoginDDT   ****
20:11:35.388 [main] INFO  testCases.TC_003_LoginDDT - clicked on MyAccount
20:11:35.587 [main] INFO  testCases.TC_003_LoginDDT - clicked on login
20:11:35.656 [main] INFO  testCases.TC_003_LoginDDT - entered email address
20:11:35.720 [main] INFO  testCases.TC_003_LoginDDT - Entered password
20:11:35.964 [main] INFO  testCases.TC_003_LoginDDT - ****   started TC_003_LoginDDT   ****
20:11:36.007 [main] INFO  testCases.TC_003_LoginDDT - clicked on MyAccount
20:11:36.207 [main] INFO  testCases.TC_003_LoginDDT - clicked on login
20:11:36.294 [main] INFO  testCases.TC_003_LoginDDT - entered email address
20:11:36.360 [main] INFO  testCases.TC_003_LoginDDT - Entered password
20:13:21.319 [main] INFO  testCases.TC_003_LoginDDT - ****   started TC_003_LoginDDT   ****
20:13:21.412 [main] INFO  testCases.TC_003_LoginDDT - clicked on MyAccount
20:13:21.660 [main] INFO  testCases.TC_003_LoginDDT - clicked on login
20:13:21.758 [main] INFO  testCases.TC_003_LoginDDT - entered email address
20:13:21.840 [main] INFO  testCases.TC_003_LoginDDT - Entered password
20:13:22.260 [main] INFO  testCases.TC_003_LoginDDT - ****   started TC_003_LoginDDT   ****
20:13:22.329 [main] INFO  testCases.TC_003_LoginDDT - clicked on MyAccount
20:13:30.757 [main] INFO  testCases.TC_003_LoginDDT - ****   started TC_003_LoginDDT   ****
20:13:30.785 [main] INFO  testCases.TC_003_LoginDDT - ****   started TC_003_LoginDDT   ****
20:13:30.799 [main] INFO  testCases.TC_003_LoginDDT - ****   started TC_003_LoginDDT   ****
20:13:46.101 [main] INFO  testCases.TC_003_LoginDDT - ****   started TC_003_LoginDDT   ****
20:13:46.175 [main] INFO  testCases.TC_003_LoginDDT - clicked on MyAccount
20:13:46.407 [main] INFO  testCases.TC_003_LoginDDT - clicked on login
20:13:46.494 [main] INFO  testCases.TC_003_LoginDDT - entered email address
20:13:46.576 [main] INFO  testCases.TC_003_LoginDDT - Entered password
20:13:46.902 [main] INFO  testCases.TC_003_LoginDDT - ****   started TC_003_LoginDDT   ****
20:13:46.961 [main] INFO  testCases.TC_003_LoginDDT - clicked on MyAccount
20:13:57.014 [main] INFO  testCases.TC_003_LoginDDT - ****   started TC_003_LoginDDT   ****
20:13:57.040 [main] INFO  testCases.TC_003_LoginDDT - clicked on MyAccount
20:14:07.065 [main] INFO  testCases.TC_003_LoginDDT - ****   started TC_003_LoginDDT   ****
20:14:07.100 [main] INFO  testCases.TC_003_LoginDDT - clicked on MyAccount
20:14:10.610 [main] INFO  testCases.TC_003_LoginDDT - ****   started TC_003_LoginDDT   ****
20:14:21.259 [main] INFO  testCases.TC_003_LoginDDT - ****   started TC_003_LoginDDT   ****
20:14:21.333 [main] INFO  testCases.TC_003_LoginDDT - clicked on MyAccount
20:14:21.577 [main] INFO  testCases.TC_003_LoginDDT - clicked on login
20:14:21.674 [main] INFO  testCases.TC_003_LoginDDT - entered email address
20:14:21.744 [main] INFO  testCases.TC_003_LoginDDT - Entered password
20:14:22.071 [main] INFO  testCases.TC_003_LoginDDT - ****   started TC_003_LoginDDT   ****
20:14:22.144 [main] INFO  testCases.TC_003_LoginDDT - clicked on MyAccount
20:14:32.227 [main] INFO  testCases.TC_003_LoginDDT - ****   started TC_003_LoginDDT   ****
20:14:32.252 [main] INFO  testCases.TC_003_LoginDDT - clicked on MyAccount
20:14:42.329 [main] INFO  testCases.TC_003_LoginDDT - ****   started TC_003_LoginDDT   ****
20:14:42.358 [main] INFO  testCases.TC_003_LoginDDT - clicked on MyAccount
20:14:52.408 [main] INFO  testCases.TC_003_LoginDDT - ****   started TC_003_LoginDDT   ****
20:14:52.435 [main] INFO  testCases.TC_003_LoginDDT - clicked on MyAccount
20:15:03.500 [main] INFO  testCases.TC_003_LoginDDT - ****   started TC_003_LoginDDT   ****
20:15:03.576 [main] INFO  testCases.TC_003_LoginDDT - clicked on MyAccount
20:15:03.845 [main] INFO  testCases.TC_003_LoginDDT - clicked on login
20:15:03.939 [main] INFO  testCases.TC_003_LoginDDT - entered email address
20:15:04.011 [main] INFO  testCases.TC_003_LoginDDT - Entered password
20:15:04.342 [main] INFO  testCases.TC_003_LoginDDT - ****   started TC_003_LoginDDT   ****
20:15:04.403 [main] INFO  testCases.TC_003_LoginDDT - clicked on MyAccount
20:15:14.491 [main] INFO  testCases.TC_003_LoginDDT - ****   started TC_003_LoginDDT   ****
20:15:14.515 [main] INFO  testCases.TC_003_LoginDDT - clicked on MyAccount
20:15:24.571 [main] INFO  testCases.TC_003_LoginDDT - ****   started TC_003_LoginDDT   ****
20:15:24.598 [main] INFO  testCases.TC_003_LoginDDT - clicked on MyAccount
20:15:34.667 [main] INFO  testCases.TC_003_LoginDDT - ****   started TC_003_LoginDDT   ****
20:15:34.719 [main] INFO  testCases.TC_003_LoginDDT - clicked on MyAccount
20:16:47.408 [main] INFO  testCases.TC_003_LoginDDT - ****   started TC_003_LoginDDT   ****
20:16:47.483 [main] INFO  testCases.TC_003_LoginDDT - clicked on MyAccount
20:16:47.726 [main] INFO  testCases.TC_003_LoginDDT - clicked on login
20:16:47.826 [main] INFO  testCases.TC_003_LoginDDT - entered email address
20:16:47.915 [main] INFO  testCases.TC_003_LoginDDT - Entered password
20:16:48.276 [main] INFO  testCases.TC_003_LoginDDT - ****   started TC_003_LoginDDT   ****
20:16:48.336 [main] INFO  testCases.TC_003_LoginDDT - clicked on MyAccount
20:16:58.402 [main] INFO  testCases.TC_003_LoginDDT - ****   started TC_003_LoginDDT   ****
20:16:58.431 [main] INFO  testCases.TC_003_LoginDDT - clicked on MyAccount
20:17:00.545 [main] INFO  testCases.TC_003_LoginDDT - ****   started TC_003_LoginDDT   ****
20:17:00.560 [main] INFO  testCases.TC_003_LoginDDT - ****   started TC_003_LoginDDT   ****
20:17:57.589 [main] INFO  testCases.TC_003_LoginDDT - ****   started TC_003_LoginDDT   ****
20:17:57.660 [main] INFO  testCases.TC_003_LoginDDT - clicked on MyAccount
20:17:57.947 [main] INFO  testCases.TC_003_LoginDDT - clicked on login
20:17:58.041 [main] INFO  testCases.TC_003_LoginDDT - entered email address
20:17:58.107 [main] INFO  testCases.TC_003_LoginDDT - Entered password
20:17:58.443 [main] INFO  testCases.TC_003_LoginDDT - ****   started TC_003_LoginDDT   ****
20:17:58.508 [main] INFO  testCases.TC_003_LoginDDT - clicked on MyAccount
20:18:08.599 [main] INFO  testCases.TC_003_LoginDDT - ****   started TC_003_LoginDDT   ****
20:18:08.623 [main] INFO  testCases.TC_003_LoginDDT - clicked on MyAccount
20:18:18.635 [main] INFO  testCases.TC_003_LoginDDT - ****   started TC_003_LoginDDT   ****
20:18:18.666 [main] INFO  testCases.TC_003_LoginDDT - clicked on MyAccount
20:18:28.697 [main] INFO  testCases.TC_003_LoginDDT - ****   started TC_003_LoginDDT   ****
20:18:28.724 [main] INFO  testCases.TC_003_LoginDDT - clicked on MyAccount
20:25:46.961 [main] INFO  testCases.TC_003_LoginDDT - ****   started TC_003_LoginDDT   ****
20:25:47.055 [main] INFO  testCases.TC_003_LoginDDT - clicked on MyAccount
20:25:47.371 [main] INFO  testCases.TC_003_LoginDDT - clicked on login
20:25:47.468 [main] INFO  testCases.TC_003_LoginDDT - entered email address
20:25:47.537 [main] INFO  testCases.TC_003_LoginDDT - Entered password
20:25:47.894 [main] INFO  testCases.TC_003_LoginDDT - ****   started TC_003_LoginDDT   ****
20:25:47.950 [main] INFO  testCases.TC_003_LoginDDT - clicked on MyAccount
20:25:58.017 [main] INFO  testCases.TC_003_LoginDDT - ****   started TC_003_LoginDDT   ****
20:25:58.045 [main] INFO  testCases.TC_003_LoginDDT - clicked on MyAccount
20:26:08.102 [main] INFO  testCases.TC_003_LoginDDT - ****   started TC_003_LoginDDT   ****
20:26:08.133 [main] INFO  testCases.TC_003_LoginDDT - clicked on MyAccount
20:26:18.182 [main] INFO  testCases.TC_003_LoginDDT - ****   started TC_003_LoginDDT   ****
20:26:18.217 [main] INFO  testCases.TC_003_LoginDDT - clicked on MyAccount
20:27:09.283 [main] INFO  testCases.TC_003_LoginDDT - ****   started TC_003_LoginDDT   ****
20:27:09.368 [main] INFO  testCases.TC_003_LoginDDT - clicked on MyAccount
20:27:09.645 [main] INFO  testCases.TC_003_LoginDDT - clicked on login
20:27:09.739 [main] INFO  testCases.TC_003_LoginDDT - entered email address
20:27:09.808 [main] INFO  testCases.TC_003_LoginDDT - Entered password
20:27:10.146 [main] INFO  testCases.TC_003_LoginDDT - ****   started TC_003_LoginDDT   ****
20:27:10.210 [main] INFO  testCases.TC_003_LoginDDT - clicked on MyAccount
20:27:20.293 [main] INFO  testCases.TC_003_LoginDDT - ****   started TC_003_LoginDDT   ****
20:27:20.318 [main] INFO  testCases.TC_003_LoginDDT - clicked on MyAccount
20:27:30.361 [main] INFO  testCases.TC_003_LoginDDT - ****   started TC_003_LoginDDT   ****
20:27:30.395 [main] INFO  testCases.TC_003_LoginDDT - clicked on MyAccount
20:27:39.759 [main] INFO  testCases.TC_003_LoginDDT - ****   started TC_003_LoginDDT   ****
20:29:13.039 [main] INFO  testCases.TC_003_LoginDDT - ****   started TC_003_LoginDDT   ****
20:29:13.125 [main] INFO  testCases.TC_003_LoginDDT - clicked on MyAccount
20:29:13.400 [main] INFO  testCases.TC_003_LoginDDT - clicked on login
20:29:13.489 [main] INFO  testCases.TC_003_LoginDDT - entered email address
20:29:13.566 [main] INFO  testCases.TC_003_LoginDDT - Entered password
20:29:17.893 [main] INFO  testCases.TC_003_LoginDDT - ****   started TC_003_LoginDDT   ****
20:29:17.934 [main] INFO  testCases.TC_003_LoginDDT - clicked on MyAccount
20:29:26.115 [main] INFO  testCases.TC_003_LoginDDT - ****   started TC_003_LoginDDT   ****
20:29:26.140 [main] INFO  testCases.TC_003_LoginDDT - ****   started TC_003_LoginDDT   ****
20:29:26.158 [main] INFO  testCases.TC_003_LoginDDT - ****   started TC_003_LoginDDT   ****
20:33:14.984 [main] INFO  testCases.TC_003_LoginDDT - ****   started TC_003_LoginDDT   ****
20:33:15.067 [main] INFO  testCases.TC_003_LoginDDT - clicked on MyAccount
20:33:15.382 [main] INFO  testCases.TC_003_LoginDDT - clicked on login
20:33:15.484 [main] INFO  testCases.TC_003_LoginDDT - entered email address
20:33:15.562 [main] INFO  testCases.TC_003_LoginDDT - Entered password
20:33:19.898 [main] INFO  testCases.TC_003_LoginDDT - ****   started TC_003_LoginDDT   ****
20:33:19.937 [main] INFO  testCases.TC_003_LoginDDT - clicked on MyAccount
20:33:25.657 [main] INFO  testCases.TC_003_LoginDDT - clicked on login
20:33:25.732 [main] INFO  testCases.TC_003_LoginDDT - entered email address
20:33:25.787 [main] INFO  testCases.TC_003_LoginDDT - Entered password
20:33:30.024 [main] INFO  testCases.TC_003_LoginDDT - ****   started TC_003_LoginDDT   ****
20:33:30.074 [main] INFO  testCases.TC_003_LoginDDT - clicked on MyAccount
20:33:30.295 [main] INFO  testCases.TC_003_LoginDDT - clicked on login
20:33:30.383 [main] INFO  testCases.TC_003_LoginDDT - entered email address
20:33:30.445 [main] INFO  testCases.TC_003_LoginDDT - Entered password
20:33:34.662 [main] INFO  testCases.TC_003_LoginDDT - ****   started TC_003_LoginDDT   ****
20:33:34.701 [main] INFO  testCases.TC_003_LoginDDT - clicked on MyAccount
20:33:34.943 [main] INFO  testCases.TC_003_LoginDDT - clicked on login
20:33:35.020 [main] INFO  testCases.TC_003_LoginDDT - entered email address
20:33:35.078 [main] INFO  testCases.TC_003_LoginDDT - Entered password
20:33:39.303 [main] INFO  testCases.TC_003_LoginDDT - ****   started TC_003_LoginDDT   ****
20:33:39.370 [main] INFO  testCases.TC_003_LoginDDT - clicked on MyAccount
20:33:39.574 [main] INFO  testCases.TC_003_LoginDDT - clicked on login
20:33:39.641 [main] INFO  testCases.TC_003_LoginDDT - entered email address
20:33:39.694 [main] INFO  testCases.TC_003_LoginDDT - Entered password
20:35:09.179 [main] INFO  testCases.TC_003_LoginDDT - ****   started TC_003_LoginDDT   ****
20:35:09.257 [main] INFO  testCases.TC_003_LoginDDT - clicked on MyAccount
20:35:09.546 [main] INFO  testCases.TC_003_LoginDDT - clicked on login
20:35:09.641 [main] INFO  testCases.TC_003_LoginDDT - entered email address
20:35:09.718 [main] INFO  testCases.TC_003_LoginDDT - Entered password
20:35:14.068 [main] INFO  testCases.TC_003_LoginDDT - ****   started TC_003_LoginDDT   ****
20:35:14.108 [main] INFO  testCases.TC_003_LoginDDT - clicked on MyAccount
20:35:21.285 [main] INFO  testCases.TC_003_LoginDDT - clicked on login
20:35:21.358 [main] INFO  testCases.TC_003_LoginDDT - entered email address
20:35:21.409 [main] INFO  testCases.TC_003_LoginDDT - Entered password
20:35:25.625 [main] INFO  testCases.TC_003_LoginDDT - ****   started TC_003_LoginDDT   ****
20:35:25.663 [main] INFO  testCases.TC_003_LoginDDT - clicked on MyAccount
20:35:25.865 [main] INFO  testCases.TC_003_LoginDDT - clicked on login
20:35:25.958 [main] INFO  testCases.TC_003_LoginDDT - entered email address
20:35:26.015 [main] INFO  testCases.TC_003_LoginDDT - Entered password
20:35:30.261 [main] INFO  testCases.TC_003_LoginDDT - ****   started TC_003_LoginDDT   ****
20:35:30.344 [main] INFO  testCases.TC_003_LoginDDT - clicked on MyAccount
20:35:30.539 [main] INFO  testCases.TC_003_LoginDDT - clicked on login
20:35:30.607 [main] INFO  testCases.TC_003_LoginDDT - entered email address
20:35:30.664 [main] INFO  testCases.TC_003_LoginDDT - Entered password
20:35:34.881 [main] INFO  testCases.TC_003_LoginDDT - ****   started TC_003_LoginDDT   ****
20:35:34.965 [main] INFO  testCases.TC_003_LoginDDT - clicked on MyAccount
20:35:35.175 [main] INFO  testCases.TC_003_LoginDDT - clicked on login
20:35:35.239 [main] INFO  testCases.TC_003_LoginDDT - entered email address
20:35:35.292 [main] INFO  testCases.TC_003_LoginDDT - Entered password
20:37:04.182 [main] INFO  testCases.TC_003_LoginDDT - ****   started TC_003_LoginDDT   ****
20:37:04.275 [main] INFO  testCases.TC_003_LoginDDT - clicked on MyAccount
20:37:04.563 [main] INFO  testCases.TC_003_LoginDDT - clicked on login
20:37:04.662 [main] INFO  testCases.TC_003_LoginDDT - entered email address
20:37:04.737 [main] INFO  testCases.TC_003_LoginDDT - Entered password
20:40:12.429 [main] INFO  testCases.TC_003_LoginDDT - ****   started TC_003_LoginDDT   ****
20:40:12.522 [main] INFO  testCases.TC_003_LoginDDT - clicked on MyAccount
20:40:12.802 [main] INFO  testCases.TC_003_LoginDDT - clicked on login
20:40:12.890 [main] INFO  testCases.TC_003_LoginDDT - entered email address
20:40:12.962 [main] INFO  testCases.TC_003_LoginDDT - Entered password
20:40:17.283 [main] INFO  testCases.TC_003_LoginDDT - ****   started TC_003_LoginDDT   ****
20:40:17.328 [main] INFO  testCases.TC_003_LoginDDT - clicked on MyAccount
20:40:21.662 [main] INFO  testCases.TC_003_LoginDDT - clicked on login
20:40:21.728 [main] INFO  testCases.TC_003_LoginDDT - entered email address
20:40:21.776 [main] INFO  testCases.TC_003_LoginDDT - Entered password
20:40:26.002 [main] INFO  testCases.TC_003_LoginDDT - ****   started TC_003_LoginDDT   ****
20:40:26.087 [main] INFO  testCases.TC_003_LoginDDT - clicked on MyAccount
20:40:26.290 [main] INFO  testCases.TC_003_LoginDDT - clicked on login
20:40:26.368 [main] INFO  testCases.TC_003_LoginDDT - entered email address
20:40:26.434 [main] INFO  testCases.TC_003_LoginDDT - Entered password
20:40:30.661 [main] INFO  testCases.TC_003_LoginDDT - ****   started TC_003_LoginDDT   ****
20:40:30.707 [main] INFO  testCases.TC_003_LoginDDT - clicked on MyAccount
20:40:30.969 [main] INFO  testCases.TC_003_LoginDDT - clicked on login
20:40:31.045 [main] INFO  testCases.TC_003_LoginDDT - entered email address
20:40:31.100 [main] INFO  testCases.TC_003_LoginDDT - Entered password
20:40:35.317 [main] INFO  testCases.TC_003_LoginDDT - ****   started TC_003_LoginDDT   ****
20:40:35.402 [main] INFO  testCases.TC_003_LoginDDT - clicked on MyAccount
20:40:35.586 [main] INFO  testCases.TC_003_LoginDDT - clicked on login
20:40:35.651 [main] INFO  testCases.TC_003_LoginDDT - entered email address
20:40:35.706 [main] INFO  testCases.TC_003_LoginDDT - Entered password
20:49:26.264 [main] INFO  testCases.TC_003_LoginDDT - ****   started TC_003_LoginDDT   ****
20:49:26.361 [main] INFO  testCases.TC_003_LoginDDT - clicked on MyAccount
20:49:26.623 [main] INFO  testCases.TC_003_LoginDDT - clicked on login
20:49:26.709 [main] INFO  testCases.TC_003_LoginDDT - entered email address
20:49:26.788 [main] INFO  testCases.TC_003_LoginDDT - Entered password
20:49:31.125 [main] INFO  testCases.TC_003_LoginDDT - ****   started TC_003_LoginDDT   ****
20:49:31.165 [main] INFO  testCases.TC_003_LoginDDT - clicked on MyAccount
20:49:35.734 [main] INFO  testCases.TC_003_LoginDDT - clicked on login
20:49:35.804 [main] INFO  testCases.TC_003_LoginDDT - entered email address
20:49:35.851 [main] INFO  testCases.TC_003_LoginDDT - Entered password
20:49:40.070 [main] INFO  testCases.TC_003_LoginDDT - ****   started TC_003_LoginDDT   ****
20:49:40.128 [main] INFO  testCases.TC_003_LoginDDT - clicked on MyAccount
20:49:40.310 [main] INFO  testCases.TC_003_LoginDDT - clicked on login
20:49:40.379 [main] INFO  testCases.TC_003_LoginDDT - entered email address
20:49:40.444 [main] INFO  testCases.TC_003_LoginDDT - Entered password
20:49:44.681 [main] INFO  testCases.TC_003_LoginDDT - ****   started TC_003_LoginDDT   ****
20:49:44.716 [main] INFO  testCases.TC_003_LoginDDT - clicked on MyAccount
20:49:44.927 [main] INFO  testCases.TC_003_LoginDDT - clicked on login
20:49:44.995 [main] INFO  testCases.TC_003_LoginDDT - entered email address
20:49:45.054 [main] INFO  testCases.TC_003_LoginDDT - Entered password
20:49:49.296 [main] INFO  testCases.TC_003_LoginDDT - ****   started TC_003_LoginDDT   ****
20:49:49.336 [main] INFO  testCases.TC_003_LoginDDT - clicked on MyAccount
20:49:49.538 [main] INFO  testCases.TC_003_LoginDDT - clicked on login
20:49:49.608 [main] INFO  testCases.TC_003_LoginDDT - entered email address
20:49:49.667 [main] INFO  testCases.TC_003_LoginDDT - Entered password
10:19:56.808 [main] INFO  testCases.TC_003_LoginDDT - ****   started TC_003_LoginDDT   ****
10:19:56.938 [main] INFO  testCases.TC_003_LoginDDT - clicked on MyAccount
10:19:57.409 [main] INFO  testCases.TC_003_LoginDDT - clicked on login
10:19:57.561 [main] INFO  testCases.TC_003_LoginDDT - entered email address
10:19:57.679 [main] INFO  testCases.TC_003_LoginDDT - Entered password
10:20:02.287 [main] INFO  testCases.TC_003_LoginDDT - ****   started TC_003_LoginDDT   ****
10:20:02.361 [main] INFO  testCases.TC_003_LoginDDT - clicked on MyAccount
10:20:05.821 [main] INFO  testCases.TC_003_LoginDDT - clicked on login
10:20:05.941 [main] INFO  testCases.TC_003_LoginDDT - entered email address
10:20:06.039 [main] INFO  testCases.TC_003_LoginDDT - Entered password
10:20:10.566 [main] INFO  testCases.TC_003_LoginDDT - ****   started TC_003_LoginDDT   ****
10:20:10.737 [main] INFO  testCases.TC_003_LoginDDT - clicked on MyAccount
10:20:11.669 [main] INFO  testCases.TC_003_LoginDDT - clicked on login
10:20:11.966 [main] INFO  testCases.TC_003_LoginDDT - entered email address
10:20:12.096 [main] INFO  testCases.TC_003_LoginDDT - Entered password
10:20:16.618 [main] INFO  testCases.TC_003_LoginDDT - ****   started TC_003_LoginDDT   ****
10:20:16.706 [main] INFO  testCases.TC_003_LoginDDT - clicked on MyAccount
10:20:17.136 [main] INFO  testCases.TC_003_LoginDDT - clicked on login
10:20:17.269 [main] INFO  testCases.TC_003_LoginDDT - entered email address
10:20:17.374 [main] INFO  testCases.TC_003_LoginDDT - Entered password
10:20:21.768 [main] INFO  testCases.TC_003_LoginDDT - ****   started TC_003_LoginDDT   ****
10:20:21.920 [main] INFO  testCases.TC_003_LoginDDT - clicked on MyAccount
10:20:22.807 [main] INFO  testCases.TC_003_LoginDDT - clicked on login
10:20:23.068 [main] INFO  testCases.TC_003_LoginDDT - entered email address
10:20:23.284 [main] INFO  testCases.TC_003_LoginDDT - Entered password
10:22:17.565 [main] INFO  testCases.TC_003_LoginDDT - ****   started TC_003_LoginDDT   ****
10:22:17.700 [main] INFO  testCases.TC_003_LoginDDT - clicked on MyAccount
10:22:18.186 [main] INFO  testCases.TC_003_LoginDDT - clicked on login
10:22:18.337 [main] INFO  testCases.TC_003_LoginDDT - entered email address
10:22:18.445 [main] INFO  testCases.TC_003_LoginDDT - Entered password
10:22:23.125 [main] INFO  testCases.TC_003_LoginDDT - ****   started TC_003_LoginDDT   ****
10:22:23.257 [main] INFO  testCases.TC_003_LoginDDT - clicked on MyAccount
10:22:28.490 [main] INFO  testCases.TC_003_LoginDDT - ****   started TC_003_LoginDDT   ****
10:22:28.553 [main] INFO  testCases.TC_003_LoginDDT - clicked on MyAccount
10:22:28.951 [main] INFO  testCases.TC_003_LoginDDT - clicked on login
10:22:29.143 [main] INFO  testCases.TC_003_LoginDDT - entered email address
10:22:29.300 [main] INFO  testCases.TC_003_LoginDDT - Entered password
10:22:33.786 [main] INFO  testCases.TC_003_LoginDDT - ****   started TC_003_LoginDDT   ****
10:22:33.878 [main] INFO  testCases.TC_003_LoginDDT - clicked on MyAccount
10:22:34.320 [main] INFO  testCases.TC_003_LoginDDT - clicked on login
10:22:34.442 [main] INFO  testCases.TC_003_LoginDDT - entered email address
10:22:34.577 [main] INFO  testCases.TC_003_LoginDDT - Entered password
10:22:39.078 [main] INFO  testCases.TC_003_LoginDDT - ****   started TC_003_LoginDDT   ****
10:22:39.142 [main] INFO  testCases.TC_003_LoginDDT - clicked on MyAccount
10:22:39.571 [main] INFO  testCases.TC_003_LoginDDT - clicked on login
10:22:39.696 [main] INFO  testCases.TC_003_LoginDDT - entered email address
10:22:39.808 [main] INFO  testCases.TC_003_LoginDDT - Entered password
10:26:54.669 [main] INFO  testCases.TC_003_LoginDDT - ****   started TC_003_LoginDDT   ****
10:26:54.793 [main] INFO  testCases.TC_003_LoginDDT - clicked on MyAccount
10:26:55.326 [main] INFO  testCases.TC_003_LoginDDT - clicked on login
10:26:55.486 [main] INFO  testCases.TC_003_LoginDDT - entered email address
10:26:55.599 [main] INFO  testCases.TC_003_LoginDDT - Entered password
10:27:00.203 [main] INFO  testCases.TC_003_LoginDDT - ****   started TC_003_LoginDDT   ****
10:27:00.283 [main] INFO  testCases.TC_003_LoginDDT - clicked on MyAccount
10:27:07.275 [main] INFO  testCases.TC_003_LoginDDT - clicked on login
10:27:07.423 [main] INFO  testCases.TC_003_LoginDDT - entered email address
10:27:07.543 [main] INFO  testCases.TC_003_LoginDDT - Entered password
10:27:12.418 [main] INFO  testCases.TC_003_LoginDDT - clicked on MyAccount
10:27:13.147 [main] INFO  testCases.TC_003_LoginDDT - clicked on login
10:27:13.155 [main] INFO  testCases.TC_003_LoginDDT - ****   started TC_003_LoginDDT   ****
10:27:13.251 [main] INFO  testCases.TC_003_LoginDDT - clicked on MyAccount
10:27:13.734 [main] INFO  testCases.TC_003_LoginDDT - clicked on login
10:27:13.870 [main] INFO  testCases.TC_003_LoginDDT - entered email address
10:27:14.015 [main] INFO  testCases.TC_003_LoginDDT - Entered password
10:27:18.712 [main] INFO  testCases.TC_003_LoginDDT - clicked on MyAccount
10:27:19.692 [main] INFO  testCases.TC_003_LoginDDT - clicked on login
10:27:19.708 [main] INFO  testCases.TC_003_LoginDDT - ****   started TC_003_LoginDDT   ****
10:27:19.804 [main] INFO  testCases.TC_003_LoginDDT - clicked on MyAccount
10:27:20.654 [main] INFO  testCases.TC_003_LoginDDT - clicked on login
10:27:20.918 [main] INFO  testCases.TC_003_LoginDDT - entered email address
10:27:21.054 [main] INFO  testCases.TC_003_LoginDDT - Entered password
10:27:25.939 [main] INFO  testCases.TC_003_LoginDDT - clicked on MyAccount
10:27:26.853 [main] INFO  testCases.TC_003_LoginDDT - clicked on login
10:27:26.861 [main] INFO  testCases.TC_003_LoginDDT - ****   started TC_003_LoginDDT   ****
10:27:27.029 [main] INFO  testCases.TC_003_LoginDDT - clicked on MyAccount
10:27:27.928 [main] INFO  testCases.TC_003_LoginDDT - clicked on login
10:27:28.184 [main] INFO  testCases.TC_003_LoginDDT - entered email address
10:27:28.426 [main] INFO  testCases.TC_003_LoginDDT - Entered password
10:38:34.443 [main] INFO  testCases.TC_002_AccountLoginTest - ***   started TC_002_AccountLoginTest  *** 
10:38:34.644 [main] INFO  testCases.TC_002_AccountLoginTest - clicked on MyAccount
10:38:35.238 [main] INFO  testCases.TC_002_AccountLoginTest - clicked on login
10:38:39.417 [main] INFO  testCases.TC_002_AccountLoginTest - entered email address
10:38:39.541 [main] INFO  testCases.TC_002_AccountLoginTest - Entered password
10:38:40.203 [main] INFO  testCases.TC_002_AccountLoginTest - Logged in MyAcount
10:38:40.204 [main] INFO  testCases.TC_002_AccountLoginTest - ****  fineshed TC_002_AccountLoginTest  **** 
10:40:32.329 [main] INFO  testCases.TC_001_AccountRegisterationTest - ***   started TC_001_AccountRegisterationTest  *** 
10:40:32.508 [main] INFO  testCases.TC_001_AccountRegisterationTest - clicked on MyAccount
10:40:33.160 [main] INFO  testCases.TC_001_AccountRegisterationTest - clicked on Register
10:40:34.309 [main] INFO  testCases.TC_001_AccountRegisterationTest - clicked on continue
10:41:14.784 [main] INFO  testCases.TC_001_AccountRegisterationTest - ***   started TC_001_AccountRegisterationTest  *** 
10:41:14.945 [main] INFO  testCases.TC_001_AccountRegisterationTest - clicked on MyAccount
10:41:15.490 [main] INFO  testCases.TC_001_AccountRegisterationTest - clicked on Register
10:41:19.465 [main] INFO  testCases.TC_001_AccountRegisterationTest - clicked on continue
10:41:19.537 [main] INFO  testCases.TC_001_AccountRegisterationTest - ***    fineshed TC_001_AccountRegisterationTest  *** 
10:41:21.892 [main] INFO  testCases.TC_002_AccountLoginTest - ***   started TC_002_AccountLoginTest  *** 
10:41:22.012 [main] INFO  testCases.TC_002_AccountLoginTest - clicked on MyAccount
10:41:22.726 [main] INFO  testCases.TC_002_AccountLoginTest - clicked on login
10:41:26.917 [main] INFO  testCases.TC_002_AccountLoginTest - entered email address
10:41:27.037 [main] INFO  testCases.TC_002_AccountLoginTest - Entered password
10:41:27.638 [main] INFO  testCases.TC_002_AccountLoginTest - Logged in MyAcount
10:41:27.638 [main] INFO  testCases.TC_002_AccountLoginTest - ****  fineshed TC_002_AccountLoginTest  **** 
10:42:53.069 [main] INFO  testCases.TC_002_AccountLoginTest - ***   started TC_002_AccountLoginTest  *** 
10:42:53.233 [main] INFO  testCases.TC_002_AccountLoginTest - clicked on MyAccount
10:42:53.692 [main] INFO  testCases.TC_002_AccountLoginTest - clicked on login
10:42:57.865 [main] INFO  testCases.TC_002_AccountLoginTest - entered email address
10:42:57.969 [main] INFO  testCases.TC_002_AccountLoginTest - Entered password
10:42:58.531 [main] INFO  testCases.TC_002_AccountLoginTest - Logged in MyAcount
10:42:58.531 [main] INFO  testCases.TC_002_AccountLoginTest - ****  fineshed TC_002_AccountLoginTest  **** 
10:43:31.472 [main] INFO  testCases.TC_001_AccountRegisterationTest - ***   started TC_001_AccountRegisterationTest  *** 
10:43:31.636 [main] INFO  testCases.TC_001_AccountRegisterationTest - clicked on MyAccount
10:43:32.235 [main] INFO  testCases.TC_001_AccountRegisterationTest - clicked on Register
10:43:36.245 [main] INFO  testCases.TC_001_AccountRegisterationTest - clicked on continue
10:43:36.374 [main] INFO  testCases.TC_001_AccountRegisterationTest - ***    fineshed TC_001_AccountRegisterationTest  *** 
10:53:04.958 [main] INFO  testCases.TC_003_LoginDDT - ****   started TC_003_LoginDDT   ****
10:53:05.095 [main] INFO  testCases.TC_003_LoginDDT - clicked on MyAccount
10:53:05.602 [main] INFO  testCases.TC_003_LoginDDT - clicked on login
10:53:05.738 [main] INFO  testCases.TC_003_LoginDDT - entered email address
10:53:05.851 [main] INFO  testCases.TC_003_LoginDDT - Entered password
10:53:10.441 [main] INFO  testCases.TC_003_LoginDDT - ****   started TC_003_LoginDDT   ****
10:53:10.513 [main] INFO  testCases.TC_003_LoginDDT - clicked on MyAccount
11:26:20.557 [main] INFO  testCases.TC_003_LoginDDT - ****   started TC_003_LoginDDT   ****
11:26:20.710 [main] INFO  testCases.TC_003_LoginDDT - clicked on MyAccount
11:26:21.273 [main] INFO  testCases.TC_003_LoginDDT - clicked on login
11:26:21.442 [main] INFO  testCases.TC_003_LoginDDT - entered email address
11:26:21.560 [main] INFO  testCases.TC_003_LoginDDT - Entered password
11:26:26.186 [main] INFO  testCases.TC_003_LoginDDT - ****   started TC_003_LoginDDT   ****
11:26:26.248 [main] INFO  testCases.TC_003_LoginDDT - clicked on MyAccount
11:26:29.964 [main] INFO  testCases.TC_003_LoginDDT - ****   started TC_003_LoginDDT   ****
11:26:30.036 [main] INFO  testCases.TC_003_LoginDDT - clicked on MyAccount
11:26:30.469 [main] INFO  testCases.TC_003_LoginDDT - clicked on login
11:26:30.605 [main] INFO  testCases.TC_003_LoginDDT - entered email address
11:26:30.709 [main] INFO  testCases.TC_003_LoginDDT - Entered password
11:26:35.422 [main] INFO  testCases.TC_003_LoginDDT - ****   started TC_003_LoginDDT   ****
11:26:35.574 [main] INFO  testCases.TC_003_LoginDDT - clicked on MyAccount
11:26:36.031 [main] INFO  testCases.TC_003_LoginDDT - clicked on login
11:26:36.151 [main] INFO  testCases.TC_003_LoginDDT - entered email address
11:26:36.247 [main] INFO  testCases.TC_003_LoginDDT - Entered password
11:26:40.948 [main] INFO  testCases.TC_003_LoginDDT - ****   started TC_003_LoginDDT   ****
11:26:41.099 [main] INFO  testCases.TC_003_LoginDDT - clicked on MyAccount
11:26:41.991 [main] INFO  testCases.TC_003_LoginDDT - clicked on login
11:26:42.279 [main] INFO  testCases.TC_003_LoginDDT - entered email address
11:26:42.496 [main] INFO  testCases.TC_003_LoginDDT - Entered password
11:30:27.571 [main] INFO  testCases.TC_002_AccountLoginTest - ***   started TC_002_AccountLoginTest  *** 
11:30:27.768 [main] INFO  testCases.TC_002_AccountLoginTest - clicked on MyAccount
11:30:28.435 [main] INFO  testCases.TC_002_AccountLoginTest - clicked on login
11:30:32.617 [main] INFO  testCases.TC_002_AccountLoginTest - entered email address
11:30:32.736 [main] INFO  testCases.TC_002_AccountLoginTest - Entered password
11:30:33.345 [main] INFO  testCases.TC_002_AccountLoginTest - Logged in MyAcount
11:30:33.346 [main] INFO  testCases.TC_002_AccountLoginTest - ****  fineshed TC_002_AccountLoginTest  **** 
11:57:28.333 [main] INFO  testCases.TC_002_AccountLoginTest - ***   started TC_002_AccountLoginTest  *** 
11:57:28.458 [main] INFO  testCases.TC_002_AccountLoginTest - clicked on MyAccount
11:57:28.809 [main] INFO  testCases.TC_002_AccountLoginTest - clicked on login
11:57:32.894 [main] INFO  testCases.TC_002_AccountLoginTest - entered email address
11:57:32.950 [main] INFO  testCases.TC_002_AccountLoginTest - Entered password
11:57:33.239 [main] INFO  testCases.TC_002_AccountLoginTest - Logged in MyAcount
11:57:33.239 [main] INFO  testCases.TC_002_AccountLoginTest - ****  fineshed TC_002_AccountLoginTest  **** 
12:05:27.738 [main] INFO  testCases.TC_002_AccountLoginTest - ***   started TC_002_AccountLoginTest  *** 
12:05:27.872 [main] INFO  testCases.TC_002_AccountLoginTest - clicked on MyAccount
12:05:28.232 [main] INFO  testCases.TC_002_AccountLoginTest - clicked on login
12:05:32.309 [main] INFO  testCases.TC_002_AccountLoginTest - entered email address
12:05:32.368 [main] INFO  testCases.TC_002_AccountLoginTest - Entered password
12:05:32.673 [main] INFO  testCases.TC_002_AccountLoginTest - Logged in MyAcount
12:05:32.673 [main] INFO  testCases.TC_002_AccountLoginTest - ****  fineshed TC_002_AccountLoginTest  **** 
12:06:57.119 [main] INFO  testCases.TC_001_AccountRegisterationTest - ***   started TC_001_AccountRegisterationTest  *** 
12:06:57.301 [main] INFO  testCases.TC_001_AccountRegisterationTest - clicked on MyAccount
12:06:57.764 [main] INFO  testCases.TC_001_AccountRegisterationTest - clicked on Register
12:07:00.722 [main] INFO  testCases.TC_001_AccountRegisterationTest - clicked on continue
12:07:00.767 [main] INFO  testCases.TC_001_AccountRegisterationTest - ***    fineshed TC_001_AccountRegisterationTest  *** 
12:07:18.558 [main] INFO  testCases.TC_002_AccountLoginTest - ***   started TC_002_AccountLoginTest  *** 
12:07:18.654 [main] INFO  testCases.TC_002_AccountLoginTest - clicked on MyAccount
12:07:19.062 [main] INFO  testCases.TC_002_AccountLoginTest - clicked on login
12:07:23.158 [main] INFO  testCases.TC_002_AccountLoginTest - entered email address
12:07:23.215 [main] INFO  testCases.TC_002_AccountLoginTest - Entered password
12:07:23.495 [main] INFO  testCases.TC_002_AccountLoginTest - Logged in MyAcount
12:07:23.495 [main] INFO  testCases.TC_002_AccountLoginTest - ****  fineshed TC_002_AccountLoginTest  **** 
18:28:16.456 [main] INFO  testCases.TC_001_AccountRegisterationTest - ***   started TC_001_AccountRegisterationTest  *** 
18:28:16.581 [main] INFO  testCases.TC_001_AccountRegisterationTest - clicked on MyAccount
18:28:17.061 [main] INFO  testCases.TC_001_AccountRegisterationTest - clicked on Register
18:28:20.026 [main] INFO  testCases.TC_001_AccountRegisterationTest - clicked on continue
18:28:20.063 [main] INFO  testCases.TC_001_AccountRegisterationTest - ***    fineshed TC_001_AccountRegisterationTest  *** 
18:28:37.734 [main] INFO  testCases.TC_002_AccountLoginTest - ***   started TC_002_AccountLoginTest  *** 
18:28:37.818 [main] INFO  testCases.TC_002_AccountLoginTest - clicked on MyAccount
18:28:38.257 [main] INFO  testCases.TC_002_AccountLoginTest - clicked on login
18:28:42.342 [main] INFO  testCases.TC_002_AccountLoginTest - entered email address
18:28:42.401 [main] INFO  testCases.TC_002_AccountLoginTest - Entered password
18:28:42.739 [main] INFO  testCases.TC_002_AccountLoginTest - Logged in MyAcount
18:28:42.739 [main] INFO  testCases.TC_002_AccountLoginTest - ****  fineshed TC_002_AccountLoginTest  **** 
18:29:01.994 [main] INFO  testCases.TC_003_LoginDDT - ****   started TC_003_LoginDDT   ****
18:29:02.073 [main] INFO  testCases.TC_003_LoginDDT - clicked on MyAccount
18:29:02.443 [main] INFO  testCases.TC_003_LoginDDT - clicked on login
18:29:02.533 [main] INFO  testCases.TC_003_LoginDDT - entered email address
18:29:02.610 [main] INFO  testCases.TC_003_LoginDDT - Entered password
18:29:06.967 [main] INFO  testCases.TC_003_LoginDDT - ****   started TC_003_LoginDDT   ****
18:29:07.004 [main] INFO  testCases.TC_003_LoginDDT - clicked on MyAccount
18:29:11.268 [main] INFO  testCases.TC_003_LoginDDT - ****   started TC_003_LoginDDT   ****
18:29:11.302 [main] INFO  testCases.TC_003_LoginDDT - clicked on MyAccount
18:29:11.560 [main] INFO  testCases.TC_003_LoginDDT - clicked on login
18:29:11.625 [main] INFO  testCases.TC_003_LoginDDT - entered email address
18:29:11.674 [main] INFO  testCases.TC_003_LoginDDT - Entered password
18:29:15.879 [main] INFO  testCases.TC_003_LoginDDT - ****   started TC_003_LoginDDT   ****
18:29:15.940 [main] INFO  testCases.TC_003_LoginDDT - clicked on MyAccount
18:29:16.129 [main] INFO  testCases.TC_003_LoginDDT - clicked on login
18:29:16.192 [main] INFO  testCases.TC_003_LoginDDT - entered email address
18:29:16.242 [main] INFO  testCases.TC_003_LoginDDT - Entered password
18:29:20.486 [main] INFO  testCases.TC_003_LoginDDT - ****   started TC_003_LoginDDT   ****
18:29:20.526 [main] INFO  testCases.TC_003_LoginDDT - clicked on MyAccount
18:29:20.739 [main] INFO  testCases.TC_003_LoginDDT - clicked on login
18:29:20.817 [main] INFO  testCases.TC_003_LoginDDT - entered email address
18:29:20.887 [main] INFO  testCases.TC_003_LoginDDT - Entered password
18:31:10.169 [main] INFO  testCases.TC_003_LoginDDT - ****   started TC_003_LoginDDT   ****
18:31:10.238 [main] INFO  testCases.TC_003_LoginDDT - clicked on MyAccount
18:31:10.572 [main] INFO  testCases.TC_003_LoginDDT - clicked on login
18:31:10.667 [main] INFO  testCases.TC_003_LoginDDT - entered email address
18:31:10.735 [main] INFO  testCases.TC_003_LoginDDT - Entered password
18:31:15.083 [main] INFO  testCases.TC_003_LoginDDT - ****   started TC_003_LoginDDT   ****
18:31:15.125 [main] INFO  testCases.TC_003_LoginDDT - clicked on MyAccount
18:31:19.200 [main] INFO  testCases.TC_003_LoginDDT - clicked on login
18:31:19.271 [main] INFO  testCases.TC_003_LoginDDT - entered email address
18:31:19.322 [main] INFO  testCases.TC_003_LoginDDT - Entered password
18:31:23.561 [main] INFO  testCases.TC_003_LoginDDT - ****   started TC_003_LoginDDT   ****
18:31:23.604 [main] INFO  testCases.TC_003_LoginDDT - clicked on MyAccount
18:31:23.797 [main] INFO  testCases.TC_003_LoginDDT - clicked on login
18:31:23.875 [main] INFO  testCases.TC_003_LoginDDT - entered email address
18:31:23.937 [main] INFO  testCases.TC_003_LoginDDT - Entered password
18:31:28.150 [main] INFO  testCases.TC_003_LoginDDT - ****   started TC_003_LoginDDT   ****
18:31:28.185 [main] INFO  testCases.TC_003_LoginDDT - clicked on MyAccount
18:31:28.380 [main] INFO  testCases.TC_003_LoginDDT - clicked on login
18:31:28.457 [main] INFO  testCases.TC_003_LoginDDT - entered email address
18:31:28.508 [main] INFO  testCases.TC_003_LoginDDT - Entered password
18:31:32.718 [main] INFO  testCases.TC_003_LoginDDT - ****   started TC_003_LoginDDT   ****
18:31:32.799 [main] INFO  testCases.TC_003_LoginDDT - clicked on MyAccount
18:31:33.007 [main] INFO  testCases.TC_003_LoginDDT - clicked on login
18:31:33.072 [main] INFO  testCases.TC_003_LoginDDT - entered email address
18:31:33.122 [main] INFO  testCases.TC_003_LoginDDT - Entered password
18:34:28.159 [main] INFO  testCases.TC_003_LoginDDT - ****   started TC_003_LoginDDT   ****
18:34:28.229 [main] INFO  testCases.TC_003_LoginDDT - clicked on MyAccount
18:34:28.546 [main] INFO  testCases.TC_003_LoginDDT - clicked on login
18:34:28.682 [main] INFO  testCases.TC_003_LoginDDT - entered email address
