18:34:28.787 [main] INFO  testCases.TC_003_LoginDDT - Entered password
18:34:33.156 [main] INFO  testCases.TC_003_LoginDDT - ****   started TC_003_LoginDDT   ****
18:34:33.192 [main] INFO  testCases.TC_003_LoginDDT - clicked on MyAccount
18:34:37.150 [main] INFO  testCases.TC_003_LoginDDT - ****   started TC_003_LoginDDT   ****
18:34:37.190 [main] INFO  testCases.TC_003_LoginDDT - clicked on MyAccount
18:34:37.396 [main] INFO  testCases.TC_003_LoginDDT - clicked on login
18:34:37.489 [main] INFO  testCases.TC_003_LoginDDT - entered email address
18:34:37.570 [main] INFO  testCases.TC_003_LoginDDT - Entered password
18:34:41.779 [main] INFO  testCases.TC_003_LoginDDT - ****   started TC_003_LoginDDT   ****
18:34:41.845 [main] INFO  testCases.TC_003_LoginDDT - clicked on MyAccount
18:34:42.042 [main] INFO  testCases.TC_003_LoginDDT - clicked on login
18:34:42.157 [main] INFO  testCases.TC_003_LoginDDT - entered email address
18:34:42.252 [main] INFO  testCases.TC_003_LoginDDT - Entered password
18:34:46.487 [main] INFO  testCases.TC_003_LoginDDT - ****   started TC_003_LoginDDT   ****
18:34:46.541 [main] INFO  testCases.TC_003_LoginDDT - clicked on MyAccount
18:34:46.755 [main] INFO  testCases.TC_003_LoginDDT - clicked on login
18:34:46.840 [main] INFO  testCases.TC_003_LoginDDT - entered email address
18:34:46.931 [main] INFO  testCases.TC_003_LoginDDT - Entered password
18:36:43.022 [main] INFO  testCases.TC_003_LoginDDT - ****   started TC_003_LoginDDT   ****
18:36:43.116 [main] INFO  testCases.TC_003_LoginDDT - clicked on MyAccount
18:36:43.530 [main] INFO  testCases.TC_003_LoginDDT - clicked on login
18:36:43.671 [main] INFO  testCases.TC_003_LoginDDT - entered email address
18:36:43.795 [main] INFO  testCases.TC_003_LoginDDT - Entered password
18:36:48.167 [main] INFO  testCases.TC_003_LoginDDT - ****   started TC_003_LoginDDT   ****
18:36:48.210 [main] INFO  testCases.TC_003_LoginDDT - clicked on MyAccount
18:36:51.139 [main] INFO  testCases.TC_003_LoginDDT - ****   started TC_003_LoginDDT   ****
18:36:51.176 [main] INFO  testCases.TC_003_LoginDDT - clicked on MyAccount
18:36:51.390 [main] INFO  testCases.TC_003_LoginDDT - clicked on login
18:36:51.488 [main] INFO  testCases.TC_003_LoginDDT - entered email address
18:36:51.567 [main] INFO  testCases.TC_003_LoginDDT - Entered password
18:36:55.789 [main] INFO  testCases.TC_003_LoginDDT - ****   started TC_003_LoginDDT   ****
18:36:55.825 [main] INFO  testCases.TC_003_LoginDDT - clicked on MyAccount
18:36:56.050 [main] INFO  testCases.TC_003_LoginDDT - clicked on login
18:36:56.146 [main] INFO  testCases.TC_003_LoginDDT - entered email address
18:36:56.226 [main] INFO  testCases.TC_003_LoginDDT - Entered password
18:37:00.522 [main] INFO  testCases.TC_003_LoginDDT - ****   started TC_003_LoginDDT   ****
18:37:00.566 [main] INFO  testCases.TC_003_LoginDDT - clicked on MyAccount
18:37:00.766 [main] INFO  testCases.TC_003_LoginDDT - clicked on login
18:37:00.857 [main] INFO  testCases.TC_003_LoginDDT - entered email address
18:37:00.980 [main] INFO  testCases.TC_003_LoginDDT - Entered password
18:37:34.271 [main] INFO  testCases.TC_003_LoginDDT - ****   started TC_003_LoginDDT   ****
18:37:34.343 [main] INFO  testCases.TC_003_LoginDDT - clicked on MyAccount
18:37:34.624 [main] INFO  testCases.TC_003_LoginDDT - clicked on login
18:37:34.744 [main] INFO  testCases.TC_003_LoginDDT - entered email address
18:37:34.845 [main] INFO  testCases.TC_003_LoginDDT - Entered password
18:37:39.196 [main] INFO  testCases.TC_003_LoginDDT - ****   started TC_003_LoginDDT   ****
18:37:39.232 [main] INFO  testCases.TC_003_LoginDDT - clicked on MyAccount
18:37:49.092 [main] INFO  testCases.TC_003_LoginDDT - clicked on login
18:37:49.183 [main] INFO  testCases.TC_003_LoginDDT - entered email address
18:37:49.257 [main] INFO  testCases.TC_003_LoginDDT - Entered password
18:37:53.481 [main] INFO  testCases.TC_003_LoginDDT - ****   started TC_003_LoginDDT   ****
18:37:53.528 [main] INFO  testCases.TC_003_LoginDDT - clicked on MyAccount
18:37:53.730 [main] INFO  testCases.TC_003_LoginDDT - clicked on login
18:37:53.813 [main] INFO  testCases.TC_003_LoginDDT - entered email address
18:37:53.887 [main] INFO  testCases.TC_003_LoginDDT - Entered password
18:37:58.123 [main] INFO  testCases.TC_003_LoginDDT - ****   started TC_003_LoginDDT   ****
18:37:58.183 [main] INFO  testCases.TC_003_LoginDDT - clicked on MyAccount
18:37:58.397 [main] INFO  testCases.TC_003_LoginDDT - clicked on login
18:37:58.472 [main] INFO  testCases.TC_003_LoginDDT - entered email address
18:37:58.550 [main] INFO  testCases.TC_003_LoginDDT - Entered password
18:38:02.774 [main] INFO  testCases.TC_003_LoginDDT - ****   started TC_003_LoginDDT   ****
18:38:02.854 [main] INFO  testCases.TC_003_LoginDDT - clicked on MyAccount
18:38:03.055 [main] INFO  testCases.TC_003_LoginDDT - clicked on login
18:38:03.138 [main] INFO  testCases.TC_003_LoginDDT - entered email address
18:38:03.213 [main] INFO  testCases.TC_003_LoginDDT - Entered password
18:39:29.666 [main] INFO  testCases.TC_003_LoginDDT - ****   started TC_003_LoginDDT   ****
18:39:29.763 [main] INFO  testCases.TC_003_LoginDDT - clicked on MyAccount
18:39:30.156 [main] INFO  testCases.TC_003_LoginDDT - clicked on login
18:39:30.252 [main] INFO  testCases.TC_003_LoginDDT - entered email address
18:39:30.338 [main] INFO  testCases.TC_003_LoginDDT - Entered password
18:39:30.658 [main] INFO  testCases.TC_003_LoginDDT - ****   started TC_003_LoginDDT   ****
18:39:30.705 [main] INFO  testCases.TC_003_LoginDDT - clicked on MyAccount
18:39:38.867 [main] INFO  testCases.TC_003_LoginDDT - clicked on login
18:39:38.943 [main] INFO  testCases.TC_003_LoginDDT - entered email address
18:39:38.994 [main] INFO  testCases.TC_003_LoginDDT - Entered password
18:39:39.207 [main] INFO  testCases.TC_003_LoginDDT - ****   started TC_003_LoginDDT   ****
18:39:39.245 [main] INFO  testCases.TC_003_LoginDDT - clicked on MyAccount
18:39:39.435 [main] INFO  testCases.TC_003_LoginDDT - clicked on login
18:39:39.494 [main] INFO  testCases.TC_003_LoginDDT - entered email address
18:39:39.541 [main] INFO  testCases.TC_003_LoginDDT - Entered password
18:39:39.754 [main] INFO  testCases.TC_003_LoginDDT - ****   started TC_003_LoginDDT   ****
18:39:39.796 [main] INFO  testCases.TC_003_LoginDDT - clicked on MyAccount
18:39:39.983 [main] INFO  testCases.TC_003_LoginDDT - clicked on login
18:39:40.038 [main] INFO  testCases.TC_003_LoginDDT - entered email address
18:39:40.085 [main] INFO  testCases.TC_003_LoginDDT - Entered password
18:39:40.285 [main] INFO  testCases.TC_003_LoginDDT - ****   started TC_003_LoginDDT   ****
18:39:40.327 [main] INFO  testCases.TC_003_LoginDDT - clicked on MyAccount
18:39:40.519 [main] INFO  testCases.TC_003_LoginDDT - clicked on login
18:39:40.580 [main] INFO  testCases.TC_003_LoginDDT - entered email address
18:39:40.629 [main] INFO  testCases.TC_003_LoginDDT - Entered password
18:42:47.862 [main] INFO  testCases.TC_003_LoginDDT - ****   started TC_003_LoginDDT   ****
18:42:47.951 [main] INFO  testCases.TC_003_LoginDDT - clicked on MyAccount
18:42:48.302 [main] INFO  testCases.TC_003_LoginDDT - clicked on login
18:42:48.385 [main] INFO  testCases.TC_003_LoginDDT - entered email address
18:42:48.465 [main] INFO  testCases.TC_003_LoginDDT - Entered password
18:42:48.790 [main] INFO  testCases.TC_003_LoginDDT - ****   started TC_003_LoginDDT   ****
18:42:48.841 [main] INFO  testCases.TC_003_LoginDDT - clicked on MyAccount
18:42:58.901 [main] INFO  testCases.TC_003_LoginDDT - ****   started TC_003_LoginDDT   ****
18:42:58.924 [main] INFO  testCases.TC_003_LoginDDT - clicked on MyAccount
18:43:08.963 [main] INFO  testCases.TC_003_LoginDDT - ****   started TC_003_LoginDDT   ****
18:43:08.999 [main] INFO  testCases.TC_003_LoginDDT - clicked on MyAccount
18:43:12.612 [main] INFO  testCases.TC_003_LoginDDT - clicked on login
18:43:12.682 [main] INFO  testCases.TC_003_LoginDDT - entered email address
18:43:12.733 [main] INFO  testCases.TC_003_LoginDDT - Entered password
18:43:12.945 [main] INFO  testCases.TC_003_LoginDDT - ****   started TC_003_LoginDDT   ****
18:43:12.989 [main] INFO  testCases.TC_003_LoginDDT - clicked on MyAccount
18:43:13.181 [main] INFO  testCases.TC_003_LoginDDT - clicked on login
18:43:13.238 [main] INFO  testCases.TC_003_LoginDDT - entered email address
18:43:13.284 [main] INFO  testCases.TC_003_LoginDDT - Entered password
18:46:31.776 [main] INFO  testCases.TC_001_AccountRegisterationTest - ***   started TC_001_AccountRegisterationTest  *** 
18:46:31.915 [main] INFO  testCases.TC_001_AccountRegisterationTest - clicked on MyAccount
18:46:32.361 [main] INFO  testCases.TC_001_AccountRegisterationTest - clicked on Register
18:46:35.179 [main] INFO  testCases.TC_001_AccountRegisterationTest - clicked on continue
18:46:35.208 [main] INFO  testCases.TC_001_AccountRegisterationTest - ***    fineshed TC_001_AccountRegisterationTest  *** 
18:47:27.555 [main] INFO  testCases.TC_001_AccountRegisterationTest - ***   started TC_001_AccountRegisterationTest  *** 
18:47:27.684 [main] INFO  testCases.TC_001_AccountRegisterationTest - clicked on MyAccount
18:47:28.131 [main] INFO  testCases.TC_001_AccountRegisterationTest - clicked on Register
18:47:28.843 [main] INFO  testCases.TC_001_AccountRegisterationTest - clicked on continue
18:49:27.176 [main] INFO  testCases.TC_001_AccountRegisterationTest - ***   started TC_001_AccountRegisterationTest  *** 
18:49:27.309 [main] INFO  testCases.TC_001_AccountRegisterationTest - clicked on MyAccount
18:49:27.710 [main] INFO  testCases.TC_001_AccountRegisterationTest - clicked on Register
18:49:28.451 [main] INFO  testCases.TC_001_AccountRegisterationTest - clicked on continue
